2025-01-23 17:08:00,702 ERROR scheduler Skipped queueing frappe.core.doctype.prepared_report.prepared_report.expire_stalled_report because it was found in queue for lms.localhost
2025-01-23 17:08:00,704 ERROR scheduler Skipped queueing frappe.oauth.delete_oauth2_data because it was found in queue for lms.localhost
2025-01-23 17:08:00,713 ERROR scheduler Skipped queueing frappe.automation.doctype.reminder.reminder.send_reminders because it was found in queue for lms.localhost
2025-01-23 17:08:00,724 ERROR scheduler Skipped queueing frappe.email.doctype.notification.notification.trigger_offset_alerts because it was found in queue for lms.localhost
2025-01-23 17:08:00,728 ERROR scheduler Skipped queueing frappe.website.doctype.web_page.web_page.check_publish_status because it was found in queue for lms.localhost
2025-01-23 17:08:00,757 ERROR scheduler Skipped queueing frappe.email.doctype.email_account.email_account.notify_unreplied because it was found in queue for lms.localhost
2025-01-23 17:08:00,770 ERROR scheduler Skipped queueing frappe.utils.global_search.sync_global_search because it was found in queue for lms.localhost
2025-01-23 17:12:00,794 ERROR scheduler Skipped queueing frappe.oauth.delete_oauth2_data because it was found in queue for lms.localhost
2025-01-23 17:12:00,811 ERROR scheduler Skipped queueing frappe.email.doctype.notification.notification.trigger_offset_alerts because it was found in queue for lms.localhost
2025-01-23 17:12:00,813 ERROR scheduler Skipped queueing frappe.utils.global_search.sync_global_search because it was found in queue for lms.localhost
2025-01-23 17:12:00,816 ERROR scheduler Skipped queueing frappe.core.doctype.prepared_report.prepared_report.expire_stalled_report because it was found in queue for lms.localhost
2025-01-23 17:12:00,818 ERROR scheduler Skipped queueing frappe.email.doctype.email_account.email_account.notify_unreplied because it was found in queue for lms.localhost
2025-01-23 17:12:00,841 ERROR scheduler Skipped queueing frappe.automation.doctype.reminder.reminder.send_reminders because it was found in queue for lms.localhost
2025-01-23 17:12:00,870 ERROR scheduler Skipped queueing frappe.website.doctype.web_page.web_page.check_publish_status because it was found in queue for lms.localhost
2025-01-23 19:08:34,877 ERROR scheduler Skipped queueing frappe.utils.global_search.sync_global_search because it was found in queue for lms.localhost
2025-01-23 19:08:34,901 ERROR scheduler Skipped queueing frappe.desk.page.backups.backups.delete_downloadable_backups because it was found in queue for lms.localhost
2025-01-23 19:08:34,914 ERROR scheduler Skipped queueing lms.lms.api.update_course_statistics because it was found in queue for lms.localhost
2025-01-23 19:08:34,923 ERROR scheduler Skipped queueing frappe.automation.doctype.reminder.reminder.send_reminders because it was found in queue for lms.localhost
2025-01-23 19:08:34,928 ERROR scheduler Skipped queueing frappe.desk.notifications.clear_notifications because it was found in queue for lms.localhost
2025-01-23 19:08:34,930 ERROR scheduler Skipped queueing frappe.desk.form.document_follow.send_hourly_updates because it was found in queue for lms.localhost
2025-01-23 19:08:34,939 ERROR scheduler Skipped queueing frappe.desk.doctype.event.event.send_event_digest because it was found in queue for lms.localhost
2025-01-23 19:08:34,946 ERROR scheduler Skipped queueing frappe.email.doctype.email_account.email_account.notify_unreplied because it was found in queue for lms.localhost
2025-01-23 19:08:34,950 ERROR scheduler Skipped queueing frappe.website.doctype.personal_data_deletion_request.personal_data_deletion_request.remove_unverified_record because it was found in queue for lms.localhost
2025-01-23 19:08:34,957 ERROR scheduler Skipped queueing frappe.automation.doctype.auto_repeat.auto_repeat.set_auto_repeat_as_completed because it was found in queue for lms.localhost
2025-01-23 19:08:34,959 ERROR scheduler Skipped queueing frappe.email.doctype.notification.notification.trigger_daily_alerts because it was found in queue for lms.localhost
2025-01-23 19:08:34,963 ERROR scheduler Skipped queueing frappe.integrations.doctype.google_calendar.google_calendar.sync because it was found in queue for lms.localhost
2025-01-23 19:08:34,973 ERROR scheduler Skipped queueing frappe.model.utils.link_count.update_link_count because it was found in queue for lms.localhost
2025-01-23 19:08:34,983 ERROR scheduler Skipped queueing frappe.deferred_insert.save_to_db because it was found in queue for lms.localhost
2025-01-23 19:08:34,988 ERROR scheduler Skipped queueing frappe.website.doctype.web_page.web_page.check_publish_status because it was found in queue for lms.localhost
2025-01-23 19:08:34,992 ERROR scheduler Skipped queueing lms.lms.doctype.lms_certificate_request.lms_certificate_request.schedule_evals because it was found in queue for lms.localhost
2025-01-23 19:08:35,022 ERROR scheduler Skipped queueing frappe.email.doctype.newsletter.newsletter.send_scheduled_email because it was found in queue for lms.localhost
2025-01-23 19:08:35,026 ERROR scheduler Skipped queueing frappe.sessions.clear_expired_sessions because it was found in queue for lms.localhost
2025-01-23 19:08:35,031 ERROR scheduler Skipped queueing frappe.social.doctype.energy_point_settings.energy_point_settings.allocate_review_points because it was found in queue for lms.localhost
2025-01-23 19:08:35,040 ERROR scheduler Skipped queueing frappe.oauth.delete_oauth2_data because it was found in queue for lms.localhost
2025-01-23 19:08:35,054 ERROR scheduler Skipped queueing frappe.desk.form.document_follow.send_daily_updates because it was found in queue for lms.localhost
2025-01-23 19:08:35,057 ERROR scheduler Skipped queueing frappe.website.doctype.personal_data_deletion_request.personal_data_deletion_request.process_data_deletion_request because it was found in queue for lms.localhost
2025-01-23 19:08:35,059 ERROR scheduler Skipped queueing frappe.twofactor.delete_all_barcodes_for_users because it was found in queue for lms.localhost
2025-01-23 19:08:35,062 ERROR scheduler Skipped queueing frappe.integrations.doctype.google_contacts.google_contacts.sync because it was found in queue for lms.localhost
